[2025-05-28 21:33:50] [ERROR] Array to string conversion
[2025-05-28 21:33:50] [ERROR] File: C:\Users\mdaha\OneDrive\Desktop\rethinkevents\app\views\alpha-theme\@layout\adminLayout.php Line: 104
[2025-05-28 21:33:50] [ERROR] Trace: #0 C:\Users\mdaha\OneDrive\Desktop\rethinkevents\app\views\alpha-theme\@layout\adminLayout.php(104): App->handleError(2, 'Array to string...', 'C:\\Users\\mdaha\\...', 104)
#1 C:\Users\mdaha\OneDrive\Desktop\rethinkevents\app\core\View.php(43): include('C:\\Users\\mdaha\\...')
#2 C:\Users\mdaha\OneDrive\Desktop\rethinkevents\app\core\View.php(8): View->renderLayout('<style>\r\n  :roo...', true, Array)
#3 C:\Users\mdaha\OneDrive\Desktop\rethinkevents\app\core\View.php(51): View->render('auth/dashboard', Array, true)
#4 C:\Users\mdaha\OneDrive\Desktop\rethinkevents\app\core\Controller.php(21): View->renderAdmin('auth/dashboard', Array)
#5 C:\Users\mdaha\OneDrive\Desktop\rethinkevents\app\controllers\AuthController.php(306): Controller->adminView('auth/dashboard', Array)
#6 [internal function]: AuthController->dashboard()
#7 C:\Users\mdaha\OneDrive\Desktop\rethinkevents\app\core\Router.php(176): ReflectionMethod->invokeArgs(Object(AuthController), Array)
#8 C:\Users\mdaha\OneDrive\Desktop\rethinkevents\app\core\Router.php(107): Router->invokeControllerMethod(Object(AuthController), 'dashboard', Array)
#9 C:\Users\mdaha\OneDrive\Desktop\rethinkevents\app\core\Router.php(128): Router->{closure}(Object(Request))
#10 C:\Users\mdaha\OneDrive\Desktop\rethinkevents\app\core\App.php(57): Router->resolve()
#11 C:\Users\mdaha\OneDrive\Desktop\rethinkevents\public\index.php(24): App->run()
#12 {main}
[2025-05-28 21:35:03] [ERROR] Undefined variable $users
[2025-05-28 21:35:03] [ERROR] File: C:\Users\mdaha\OneDrive\Desktop\rethinkevents\app\views\alpha-theme\@layout\adminLayout.php Line: 104
[2025-05-28 21:35:03] [ERROR] Trace: #0 C:\Users\mdaha\OneDrive\Desktop\rethinkevents\app\views\alpha-theme\@layout\adminLayout.php(104): App->handleError(2, 'Undefined varia...', 'C:\\Users\\mdaha\\...', 104)
#1 C:\Users\mdaha\OneDrive\Desktop\rethinkevents\app\core\View.php(43): include('C:\\Users\\mdaha\\...')
#2 C:\Users\mdaha\OneDrive\Desktop\rethinkevents\app\core\View.php(8): View->renderLayout('<style>\r\n  :roo...', true, Array)
#3 C:\Users\mdaha\OneDrive\Desktop\rethinkevents\app\core\View.php(51): View->render('auth/dashboard', Array, true)
#4 C:\Users\mdaha\OneDrive\Desktop\rethinkevents\app\core\Controller.php(21): View->renderAdmin('auth/dashboard', Array)
#5 C:\Users\mdaha\OneDrive\Desktop\rethinkevents\app\controllers\AuthController.php(306): Controller->adminView('auth/dashboard', Array)
#6 [internal function]: AuthController->dashboard()
#7 C:\Users\mdaha\OneDrive\Desktop\rethinkevents\app\core\Router.php(176): ReflectionMethod->invokeArgs(Object(AuthController), Array)
#8 C:\Users\mdaha\OneDrive\Desktop\rethinkevents\app\core\Router.php(107): Router->invokeControllerMethod(Object(AuthController), 'dashboard', Array)
#9 C:\Users\mdaha\OneDrive\Desktop\rethinkevents\app\core\Router.php(128): Router->{closure}(Object(Request))
#10 C:\Users\mdaha\OneDrive\Desktop\rethinkevents\app\core\App.php(57): Router->resolve()
#11 C:\Users\mdaha\OneDrive\Desktop\rethinkevents\public\index.php(24): App->run()
#12 {main}
[2025-05-28 21:35:03] [ERROR] Attempt to read property "username" on null
[2025-05-28 21:35:03] [ERROR] File: C:\Users\mdaha\OneDrive\Desktop\rethinkevents\app\views\alpha-theme\@layout\adminLayout.php Line: 104
[2025-05-28 21:35:03] [ERROR] Trace: #0 C:\Users\mdaha\OneDrive\Desktop\rethinkevents\app\views\alpha-theme\@layout\adminLayout.php(104): App->handleError(2, 'Attempt to read...', 'C:\\Users\\mdaha\\...', 104)
#1 C:\Users\mdaha\OneDrive\Desktop\rethinkevents\app\core\View.php(43): include('C:\\Users\\mdaha\\...')
#2 C:\Users\mdaha\OneDrive\Desktop\rethinkevents\app\core\View.php(8): View->renderLayout('<style>\r\n  :roo...', true, Array)
#3 C:\Users\mdaha\OneDrive\Desktop\rethinkevents\app\core\View.php(51): View->render('auth/dashboard', Array, true)
#4 C:\Users\mdaha\OneDrive\Desktop\rethinkevents\app\core\Controller.php(21): View->renderAdmin('auth/dashboard', Array)
#5 C:\Users\mdaha\OneDrive\Desktop\rethinkevents\app\controllers\AuthController.php(306): Controller->adminView('auth/dashboard', Array)
#6 [internal function]: AuthController->dashboard()
#7 C:\Users\mdaha\OneDrive\Desktop\rethinkevents\app\core\Router.php(176): ReflectionMethod->invokeArgs(Object(AuthController), Array)
#8 C:\Users\mdaha\OneDrive\Desktop\rethinkevents\app\core\Router.php(107): Router->invokeControllerMethod(Object(AuthController), 'dashboard', Array)
#9 C:\Users\mdaha\OneDrive\Desktop\rethinkevents\app\core\Router.php(128): Router->{closure}(Object(Request))
#10 C:\Users\mdaha\OneDrive\Desktop\rethinkevents\app\core\App.php(57): Router->resolve()
#11 C:\Users\mdaha\OneDrive\Desktop\rethinkevents\public\index.php(24): App->run()
#12 {main}
[2025-05-28 21:37:36] [ERROR] htmlspecialchars(): Passing null to parameter #1 ($string) of type string is deprecated
[2025-05-28 21:37:36] [ERROR] File: C:\Users\mdaha\OneDrive\Desktop\rethinkevents\app\views\alpha-theme\@layout\adminLayout.php Line: 104
[2025-05-28 21:37:36] [ERROR] Trace: #0 [internal function]: App->handleError(8192, 'htmlspecialchar...', 'C:\\Users\\mdaha\\...', 104)
#1 C:\Users\mdaha\OneDrive\Desktop\rethinkevents\app\views\alpha-theme\@layout\adminLayout.php(104): htmlspecialchars(NULL)
#2 C:\Users\mdaha\OneDrive\Desktop\rethinkevents\app\core\View.php(43): include('C:\\Users\\mdaha\\...')
#3 C:\Users\mdaha\OneDrive\Desktop\rethinkevents\app\core\View.php(8): View->renderLayout('<style>\r\n  :roo...', true, Array)
#4 C:\Users\mdaha\OneDrive\Desktop\rethinkevents\app\core\View.php(51): View->render('auth/dashboard', Array, true)
#5 C:\Users\mdaha\OneDrive\Desktop\rethinkevents\app\core\Controller.php(21): View->renderAdmin('auth/dashboard', Array)
#6 C:\Users\mdaha\OneDrive\Desktop\rethinkevents\app\controllers\AuthController.php(306): Controller->adminView('auth/dashboard', Array)
#7 [internal function]: AuthController->dashboard()
#8 C:\Users\mdaha\OneDrive\Desktop\rethinkevents\app\core\Router.php(176): ReflectionMethod->invokeArgs(Object(AuthController), Array)
#9 C:\Users\mdaha\OneDrive\Desktop\rethinkevents\app\core\Router.php(107): Router->invokeControllerMethod(Object(AuthController), 'dashboard', Array)
#10 C:\Users\mdaha\OneDrive\Desktop\rethinkevents\app\core\Router.php(128): Router->{closure}(Object(Request))
#11 C:\Users\mdaha\OneDrive\Desktop\rethinkevents\app\core\App.php(57): Router->resolve()
#12 C:\Users\mdaha\OneDrive\Desktop\rethinkevents\public\index.php(24): App->run()
#13 {main}
[2025-05-28 21:38:14] [ERROR] Cannot use object of type UserModel as array
[2025-05-28 21:38:14] [ERROR] File: C:\Users\mdaha\OneDrive\Desktop\rethinkevents\app\views\alpha-theme\@layout\adminLayout.php Line: 104
[2025-05-28 21:38:14] [ERROR] Trace: #0 C:\Users\mdaha\OneDrive\Desktop\rethinkevents\app\core\View.php(43): include()
#1 C:\Users\mdaha\OneDrive\Desktop\rethinkevents\app\core\View.php(8): View->renderLayout('<style>\r\n  :roo...', true, Array)
#2 C:\Users\mdaha\OneDrive\Desktop\rethinkevents\app\core\View.php(51): View->render('auth/dashboard', Array, true)
#3 C:\Users\mdaha\OneDrive\Desktop\rethinkevents\app\core\Controller.php(21): View->renderAdmin('auth/dashboard', Array)
#4 C:\Users\mdaha\OneDrive\Desktop\rethinkevents\app\controllers\AuthController.php(306): Controller->adminView('auth/dashboard', Array)
#5 [internal function]: AuthController->dashboard()
#6 C:\Users\mdaha\OneDrive\Desktop\rethinkevents\app\core\Router.php(176): ReflectionMethod->invokeArgs(Object(AuthController), Array)
#7 C:\Users\mdaha\OneDrive\Desktop\rethinkevents\app\core\Router.php(107): Router->invokeControllerMethod(Object(AuthController), 'dashboard', Array)
#8 C:\Users\mdaha\OneDrive\Desktop\rethinkevents\app\core\Router.php(128): Router->{closure}(Object(Request))
#9 C:\Users\mdaha\OneDrive\Desktop\rethinkevents\app\core\App.php(57): Router->resolve()
#10 C:\Users\mdaha\OneDrive\Desktop\rethinkevents\public\index.php(24): App->run()
#11 {main}
